-------------------------------------------------------------------------------
Test set: com.stackify.test.EmployeeControllerTest
-------------------------------------------------------------------------------
Tests run: 1, Failures: 1, Errors: 0, Skipped: 0, Time elapsed: 18.973 sec <<< FAILURE! - in com.stackify.test.EmployeeControllerTest
whenCreateGetEmployee_thenOk(com.stackify.test.EmployeeControllerTest)  Time elapsed: 1.133 sec  <<< FAILURE!
java.lang.AssertionError: JSON path "$[1].name"
Expected: is "Shiva"
     but: was "john"
	at org.hamcrest.MatcherAssert.assertThat(MatcherAssert.java:20)
	at org.springframework.test.util.JsonPathExpectationsHelper.assertValue(JsonPathExpectationsHelper.java:74)
	at org.springframework.test.web.servlet.result.JsonPathResultMatchers$1.match(JsonPathResultMatchers.java:86)
	at org.springframework.test.web.servlet.MockMvc$1.andExpect(MockMvc.java:171)
	at com.stackify.test.EmployeeControllerTest.whenCreateGetEmployee_thenOk(EmployeeControllerTest.java:44)

