<?xml version="1.0" encoding="UTF-8"?>
<testsuite name="com.stackify.test.EmployeeControllerTest" time="1.133" tests="1" errors="0" skipped="0" failures="1">
  <properties>
[...]
</properties>
  <testcase name="whenCreateGetEmployee_thenOk" classname="com.stackify.test.EmployeeControllerTest" time="1.133">
    <failure message="JSON path &quot;$[1].name&quot;&#10;Expected: is &quot;Shiva&quot;&#10;     but: was &quot;john&quot;" type="java.lang.AssertionError">java.lang.AssertionError: JSON path "$[1].name"
Expected: is "Shiva"
     but: was "john"
	at org.hamcrest.MatcherAssert.assertThat(MatcherAssert.java:20)
	at org.springframework.test.util.JsonPathExpectationsHelper.assertValue(JsonPathExpectationsHelper.java:74)
	at org.springframework.test.web.servlet.result.JsonPathResultMatchers$1.match(JsonPathResultMatchers.java:86)
	at org.springframework.test.web.servlet.MockMvc$1.andExpect(MockMvc.java:171)
	at com.stackify.test.EmployeeControllerTest.whenCreateGetEmployee_thenOk(EmployeeControllerTest.java:44)
</failure>
    <system-out><![CDATA[19:53:10.283 [main] DEBUG org.springframework.test.context.junit4.SpringJUnit4ClassRunner - SpringJUnit4ClassRunner constructor called with [class com.stackify.test.EmployeeControllerTest]
19:53:10.315 [main] DEBUG org.springframework.test.context.BootstrapUtils - Instantiating CacheAwareContextLoaderDelegate from class [org.springframework.test.context.cache.DefaultCacheAwareContextLoaderDelegate]
19:53:10.362 [main] DEBUG org.springframework.test.context.BootstrapUtils - Instantiating BootstrapContext using constructor [public org.springframework.test.context.support.DefaultBootstrapContext(java.lang.Class,org.springframework.test.context.CacheAwareContextLoaderDelegate)]
19:53:10.414 [main] DEBUG org.springframework.test.context.BootstrapUtils - Instantiating TestContextBootstrapper for test class [com.stackify.test.EmployeeControllerTest] from class [org.springframework.boot.test.context.SpringBootTestContextBootstrapper]
19:53:10.442 [main] INFO org.springframework.boot.test.context.SpringBootTestContextBootstrapper - Neither @ContextConfiguration nor @ContextHierarchy found for test class [com.stackify.test.EmployeeControllerTest], using SpringBootContextLoader
19:53:10.448 [main] DEBUG org.springframework.test.context.support.AbstractContextLoader - Did not detect default resource location for test class [com.stackify.test.EmployeeControllerTest]: class path resource [com/stackify/test/EmployeeControllerTest-context.xml] does not exist
19:53:10.448 [main] DEBUG org.springframework.test.context.support.AbstractContextLoader - Did not detect default resource location for test class [com.stackify.test.EmployeeControllerTest]: class path resource [com/stackify/test/EmployeeControllerTestContext.groovy] does not exist
19:53:10.449 [main] INFO org.springframework.test.context.support.AbstractContextLoader - Could not detect default resource locations for test class [com.stackify.test.EmployeeControllerTest]: no resource found for suffixes {-context.xml, Context.groovy}.
19:53:10.580 [main] DEBUG org.springframework.test.context.support.ActiveProfilesUtils - Could not find an 'annotation declaring class' for annotation type [org.springframework.test.context.ActiveProfiles] and class [com.stackify.test.EmployeeControllerTest]
19:53:10.709 [main] DEBUG org.springframework.boot.test.context.SpringBootTestContextBootstrapper - @TestExecutionListeners is not present for class [com.stackify.test.EmployeeControllerTest]: using defaults.
19:53:10.724 [main] INFO org.springframework.boot.test.context.SpringBootTestContextBootstrapper - Loaded default TestExecutionListener class names from location [META-INF/spring.factories]: [org.springframework.boot.test.mock.mockito.MockitoTestExecutionListener, org.springframework.boot.test.mock.mockito.ResetMocksTestExecutionListener, org.springframework.boot.test.autoconfigure.restdocs.RestDocsTestExecutionListener, org.springframework.boot.test.autoconfigure.web.client.MockRestServiceServerResetTestExecutionListener, org.springframework.boot.test.autoconfigure.web.servlet.MockMvcPrintOnlyOnFailureTestExecutionListener, org.springframework.boot.test.autoconfigure.web.servlet.WebDriverTestExecutionListener, org.springframework.test.context.web.ServletTestExecutionListener, org.springframework.test.context.support.DirtiesContextBeforeModesTestExecutionListener, org.springframework.test.context.support.DependencyInjectionTestExecutionListener, org.springframework.test.context.support.DirtiesContextTestExecutionListener, org.springframework.test.context.transaction.TransactionalTestExecutionListener, org.springframework.test.context.jdbc.SqlScriptsTestExecutionListener]
19:53:10.786 [main] INFO org.springframework.boot.test.context.SpringBootTestContextBootstrapper - Using TestExecutionListeners: [org.springframework.test.context.web.ServletTestExecutionListener@10dba097, org.springframework.test.context.support.DirtiesContextBeforeModesTestExecutionListener@1786f9d5, org.springframework.boot.test.autoconfigure.SpringBootDependencyInjectionTestExecutionListener@704d6e83, org.springframework.test.context.support.DirtiesContextTestExecutionListener@43a0cee9, org.springframework.test.context.transaction.TransactionalTestExecutionListener@eb21112, org.springframework.test.context.jdbc.SqlScriptsTestExecutionListener@2eda0940, org.springframework.boot.test.mock.mockito.MockitoTestExecutionListener@3578436e, org.springframework.boot.test.autoconfigure.web.servlet.WebDriverTestExecutionListener@706a04ae, org.springframework.boot.test.mock.mockito.ResetMocksTestExecutionListener@6eceb130, org.springframework.boot.test.autoconfigure.restdocs.RestDocsTestExecutionListener@10a035a0, org.springframework.boot.test.autoconfigure.web.client.MockRestServiceServerResetTestExecutionListener@67b467e9, org.springframework.boot.test.autoconfigure.web.servlet.MockMvcPrintOnlyOnFailureTestExecutionListener@47db50c5]
19:53:10.793 [main] DEBUG org.springframework.test.annotation.ProfileValueUtils - Retrieved @ProfileValueSourceConfiguration [null] for test class [com.stackify.test.EmployeeControllerTest]
19:53:10.795 [main] DEBUG org.springframework.test.annotation.ProfileValueUtils - Retrieved ProfileValueSource type [class org.springframework.test.annotation.SystemProfileValueSource] for class [com.stackify.test.EmployeeControllerTest]
19:53:10.803 [main] DEBUG org.springframework.test.context.junit4.SpringJUnit4ClassRunner - SpringJUnit4ClassRunner constructor called with [class com.stackify.test.EmployeeControllerTest]
19:53:10.804 [main] DEBUG org.springframework.test.context.BootstrapUtils - Instantiating CacheAwareContextLoaderDelegate from class [org.springframework.test.context.cache.DefaultCacheAwareContextLoaderDelegate]
19:53:10.805 [main] DEBUG org.springframework.test.context.BootstrapUtils - Instantiating BootstrapContext using constructor [public org.springframework.test.context.support.DefaultBootstrapContext(java.lang.Class,org.springframework.test.context.CacheAwareContextLoaderDelegate)]
19:53:10.807 [main] DEBUG org.springframework.test.context.BootstrapUtils - Instantiating TestContextBootstrapper for test class [com.stackify.test.EmployeeControllerTest] from class [org.springframework.boot.test.context.SpringBootTestContextBootstrapper]
19:53:10.809 [main] INFO org.springframework.boot.test.context.SpringBootTestContextBootstrapper - Neither @ContextConfiguration nor @ContextHierarchy found for test class [com.stackify.test.EmployeeControllerTest], using SpringBootContextLoader
19:53:10.811 [main] DEBUG org.springframework.test.context.support.AbstractContextLoader - Did not detect default resource location for test class [com.stackify.test.EmployeeControllerTest]: class path resource [com/stackify/test/EmployeeControllerTest-context.xml] does not exist
19:53:10.812 [main] DEBUG org.springframework.test.context.support.AbstractContextLoader - Did not detect default resource location for test class [com.stackify.test.EmployeeControllerTest]: class path resource [com/stackify/test/EmployeeControllerTestContext.groovy] does not exist
19:53:10.813 [main] INFO org.springframework.test.context.support.AbstractContextLoader - Could not detect default resource locations for test class [com.stackify.test.EmployeeControllerTest]: no resource found for suffixes {-context.xml, Context.groovy}.
19:53:10.835 [main] DEBUG org.springframework.test.context.support.ActiveProfilesUtils - Could not find an 'annotation declaring class' for annotation type [org.springframework.test.context.ActiveProfiles] and class [com.stackify.test.EmployeeControllerTest]
19:53:10.848 [main] DEBUG org.springframework.boot.test.context.SpringBootTestContextBootstrapper - @TestExecutionListeners is not present for class [com.stackify.test.EmployeeControllerTest]: using defaults.
19:53:10.859 [main] INFO org.springframework.boot.test.context.SpringBootTestContextBootstrapper - Loaded default TestExecutionListener class names from location [META-INF/spring.factories]: [org.springframework.boot.test.mock.mockito.MockitoTestExecutionListener, org.springframework.boot.test.mock.mockito.ResetMocksTestExecutionListener, org.springframework.boot.test.autoconfigure.restdocs.RestDocsTestExecutionListener, org.springframework.boot.test.autoconfigure.web.client.MockRestServiceServerResetTestExecutionListener, org.springframework.boot.test.autoconfigure.web.servlet.MockMvcPrintOnlyOnFailureTestExecutionListener, org.springframework.boot.test.autoconfigure.web.servlet.WebDriverTestExecutionListener, org.springframework.test.context.web.ServletTestExecutionListener, org.springframework.test.context.support.DirtiesContextBeforeModesTestExecutionListener, org.springframework.test.context.support.DependencyInjectionTestExecutionListener, org.springframework.test.context.support.DirtiesContextTestExecutionListener, org.springframework.test.context.transaction.TransactionalTestExecutionListener, org.springframework.test.context.jdbc.SqlScriptsTestExecutionListener]
19:53:10.873 [main] INFO org.springframework.boot.test.context.SpringBootTestContextBootstrapper - Using TestExecutionListeners: [org.springframework.test.context.web.ServletTestExecutionListener@140e5a13, org.springframework.test.context.support.DirtiesContextBeforeModesTestExecutionListener@3439f68d, org.springframework.boot.test.autoconfigure.SpringBootDependencyInjectionTestExecutionListener@dbd940d, org.springframework.test.context.support.DirtiesContextTestExecutionListener@71d15f18, org.springframework.test.context.transaction.TransactionalTestExecutionListener@17695df3, org.springframework.test.context.jdbc.SqlScriptsTestExecutionListener@6c9f5c0d, org.springframework.boot.test.mock.mockito.MockitoTestExecutionListener@de3a06f, org.springframework.boot.test.autoconfigure.web.servlet.WebDriverTestExecutionListener@76b10754, org.springframework.boot.test.mock.mockito.ResetMocksTestExecutionListener@2bea5ab4, org.springframework.boot.test.autoconfigure.restdocs.RestDocsTestExecutionListener@3d8314f0, org.springframework.boot.test.autoconfigure.web.client.MockRestServiceServerResetTestExecutionListener@2df32bf7, org.springframework.boot.test.autoconfigure.web.servlet.MockMvcPrintOnlyOnFailureTestExecutionListener@530612ba]
19:53:10.875 [main] DEBUG org.springframework.test.annotation.ProfileValueUtils - Retrieved @ProfileValueSourceConfiguration [null] for test class [com.stackify.test.EmployeeControllerTest]
19:53:10.875 [main] DEBUG org.springframework.test.annotation.ProfileValueUtils - Retrieved ProfileValueSource type [class org.springframework.test.annotation.SystemProfileValueSource] for class [com.stackify.test.EmployeeControllerTest]
19:53:10.877 [main] DEBUG org.springframework.test.annotation.ProfileValueUtils - Retrieved @ProfileValueSourceConfiguration [null] for test class [com.stackify.test.EmployeeControllerTest]
19:53:10.877 [main] DEBUG org.springframework.test.annotation.ProfileValueUtils - Retrieved ProfileValueSource type [class org.springframework.test.annotation.SystemProfileValueSource] for class [com.stackify.test.EmployeeControllerTest]
19:53:10.889 [main] DEBUG org.springframework.test.context.support.AbstractDirtiesContextTestExecutionListener - Before test class: context [DefaultTestContext@4e4aea35 testClass = EmployeeControllerTest, testInstance = [null], testMethod = [null], testException = [null], mergedContextConfiguration = [WebMergedContextConfiguration@1442d7b5 testClass = EmployeeControllerTest, locations = '{}', classes = '{class com.stackify.Application, class com.stackify.Application}', contextInitializerClasses = '[]', activeProfiles = '{}', propertySourceLocations = '{}', propertySourceProperties = '{org.springframework.boot.test.context.SpringBootTestContextBootstrapper=true}', contextCustomizers = set[org.springframework.boot.test.context.SpringBootTestContextCustomizer@520a3426, org.springframework.boot.test.context.filter.ExcludeFilterContextCustomizer@6c3708b3, org.springframework.boot.test.mock.mockito.MockitoContextCustomizer@0, org.springframework.boot.test.autoconfigure.properties.PropertyMappingContextCustomizer@0, org.springframework.boot.test.autoconfigure.web.servlet.WebDriverContextCustomizerFactory$Customizer@35d176f7, org.springframework.test.context.web.socket.MockServerContainerContextCustomizer@6e6c3152], resourceBasePath = 'src/main/webapp', contextLoader = 'org.springframework.boot.test.context.SpringBootContextLoader', parent = [null]]], class annotated with @DirtiesContext [false] with mode [null].
19:53:10.891 [main] DEBUG org.springframework.test.annotation.ProfileValueUtils - Retrieved @ProfileValueSourceConfiguration [null] for test class [com.stackify.test.EmployeeControllerTest]
19:53:10.892 [main] DEBUG org.springframework.test.annotation.ProfileValueUtils - Retrieved ProfileValueSource type [class org.springframework.test.annotation.SystemProfileValueSource] for class [com.stackify.test.EmployeeControllerTest]
19:53:11.081 [main] DEBUG org.springframework.core.env.StandardEnvironment - Adding [systemProperties] PropertySource with lowest search precedence
19:53:11.084 [main] DEBUG org.springframework.core.env.StandardEnvironment - Adding [systemEnvironment] PropertySource with lowest search precedence
19:53:11.085 [main] DEBUG org.springframework.core.env.StandardEnvironment - Initialized StandardEnvironment with PropertySources [systemProperties,systemEnvironment]
19:53:11.089 [main] DEBUG org.springframework.core.env.MutablePropertySources - Adding [inline] PropertySource with highest search precedence
19:53:11.106 [main] DEBUG org.springframework.test.context.support.TestPropertySourceUtils - Adding inlined properties to environment: {spring.jmx.enabled=false, org.springframework.boot.test.context.SpringBootTestContextBootstrapper=true, server.port=-1}
19:53:11.107 [main] DEBUG org.springframework.core.env.StandardEnvironment - Adding [Inlined Test Properties] PropertySource with highest search precedence

  .   ____          _            __ _ _
 /\\ / ___'_ __ _ _(_)_ __  __ _ \ \ \ \
( ( )\___ | '_ | '_| | '_ \/ _` | \ \ \ \
 \\/  ___)| |_)| | | | | || (_| |  ) ) ) )
  '  |____| .__|_| |_|_| |_\__, | / / / /
 =========|_|==============|___/=/_/_/_/
 :: Spring Boot ::        (v1.5.3.RELEASE)

2022-03-02 19:53:12.257  INFO 14315 --- [           main] c.stackify.test.EmployeeControllerTest   : Starting EmployeeControllerTest on kmaster.example.com with PID 14315 (started by vagrant in /home/vagrant/Docker/02-spring-boot-app)
2022-03-02 19:53:12.260  INFO 14315 --- [           main] c.stackify.test.EmployeeControllerTest   : No active profile set, falling back to default profiles: default
2022-03-02 19:53:12.503  INFO 14315 --- [           main] o.s.w.c.s.GenericWebApplicationContext   : Refreshing org.springframework.web.context.support.GenericWebApplicationContext@41c2284a: startup date [Wed Mar 02 19:53:12 UTC 2022]; root of context hierarchy
2022-03-02 19:53:19.272  INFO 14315 --- [           main] o.s.j.d.e.EmbeddedDatabaseFactory        : Starting embedded database: url='jdbc:h2:mem:testdb;DB_CLOSE_DELAY=-1;DB_CLOSE_ON_EXIT=false', username='sa'
2022-03-02 19:53:19.705  INFO 14315 --- [           main] o.s.jdbc.datasource.init.ScriptUtils     : Executing SQL script from class path resource [mySchema.sql]
2022-03-02 19:53:19.778  INFO 14315 --- [           main] o.s.jdbc.datasource.init.ScriptUtils     : Executed SQL script from class path resource [mySchema.sql] in 72 ms.
2022-03-02 19:53:19.778  INFO 14315 --- [           main] o.s.jdbc.datasource.init.ScriptUtils     : Executing SQL script from class path resource [myData.sql]
2022-03-02 19:53:19.783  INFO 14315 --- [           main] o.s.jdbc.datasource.init.ScriptUtils     : Executed SQL script from class path resource [myData.sql] in 5 ms.
2022-03-02 19:53:20.330  INFO 14315 --- [           main] j.LocalContainerEntityManagerFactoryBean : Building JPA container EntityManagerFactory for persistence unit 'default'
2022-03-02 19:53:20.410  INFO 14315 --- [           main] o.hibernate.jpa.internal.util.LogHelper  : HHH000204: Processing PersistenceUnitInfo [
	name: default
	...]
2022-03-02 19:53:20.683  INFO 14315 --- [           main] org.hibernate.Version                    : HHH000412: Hibernate Core {5.0.12.Final}
2022-03-02 19:53:20.687  INFO 14315 --- [           main] org.hibernate.cfg.Environment            : HHH000206: hibernate.properties not found
2022-03-02 19:53:20.692  INFO 14315 --- [           main] org.hibernate.cfg.Environment            : HHH000021: Bytecode provider name : javassist
2022-03-02 19:53:20.832  INFO 14315 --- [           main] o.hibernate.annotations.common.Version   : HCANN000001: Hibernate Commons Annotations {5.0.1.Final}
2022-03-02 19:53:21.229  INFO 14315 --- [           main] org.hibernate.dialect.Dialect            : HHH000400: Using dialect: org.hibernate.dialect.H2Dialect
2022-03-02 19:53:23.313  INFO 14315 --- [           main] org.hibernate.tool.hbm2ddl.SchemaUpdate  : HHH000228: Running hbm2ddl schema update
2022-03-02 19:53:23.542  INFO 14315 --- [           main] j.LocalContainerEntityManagerFactoryBean : Initialized JPA EntityManagerFactory for persistence unit 'default'
2022-03-02 19:53:26.090  INFO 14315 --- [           main] s.w.s.m.m.a.RequestMappingHandlerAdapter : Looking for @ControllerAdvice: org.springframework.web.context.support.GenericWebApplicationContext@41c2284a: startup date [Wed Mar 02 19:53:12 UTC 2022]; root of context hierarchy
2022-03-02 19:53:26.364  INFO 14315 --- [           main] s.w.s.m.m.a.RequestMappingHandlerMapping : Mapped "{[/employees],methods=[POST]}" onto public void com.stackify.controller.EmployeeController.addEmployee(com.stackify.model.Employee)
2022-03-02 19:53:26.367  INFO 14315 --- [           main] s.w.s.m.m.a.RequestMappingHandlerMapping : Mapped "{[/employees],methods=[GET]}" onto public java.util.List<com.stackify.model.Employee> com.stackify.controller.EmployeeController.getEmployees()
2022-03-02 19:53:26.380  INFO 14315 --- [           main] s.w.s.m.m.a.RequestMappingHandlerMapping : Mapped "{[/error]}" onto public org.springframework.http.ResponseEntity<java.util.Map<java.lang.String, java.lang.Object>> org.springframework.boot.autoconfigure.web.BasicErrorController.error(javax.servlet.http.HttpServletRequest)
2022-03-02 19:53:26.382  INFO 14315 --- [           main] s.w.s.m.m.a.RequestMappingHandlerMapping : Mapped "{[/error],produces=[text/html]}" onto public org.springframework.web.servlet.ModelAndView org.springframework.boot.autoconfigure.web.BasicErrorController.errorHtml(javax.servlet.http.HttpServletRequest,javax.servlet.http.HttpServletResponse)
2022-03-02 19:53:26.528  INFO 14315 --- [           main] o.s.w.s.handler.SimpleUrlHandlerMapping  : Mapped URL path [/webjars/**] onto handler of type [class org.springframework.web.servlet.resource.ResourceHttpRequestHandler]
2022-03-02 19:53:26.529  INFO 14315 --- [           main] o.s.w.s.handler.SimpleUrlHandlerMapping  : Mapped URL path [/**] onto handler of type [class org.springframework.web.servlet.resource.ResourceHttpRequestHandler]
2022-03-02 19:53:26.699  INFO 14315 --- [           main] o.s.w.s.handler.SimpleUrlHandlerMapping  : Mapped URL path [/**/favicon.ico] onto handler of type [class org.springframework.web.servlet.resource.ResourceHttpRequestHandler]
2022-03-02 19:53:27.803  INFO 14315 --- [           main] o.s.b.a.e.mvc.EndpointHandlerMapping     : Mapped "{[/health || /health.json],methods=[GET],produces=[application/vnd.spring-boot.actuator.v1+json || application/json]}" onto public java.lang.Object org.springframework.boot.actuate.endpoint.mvc.HealthMvcEndpoint.invoke(javax.servlet.http.HttpServletRequest,java.security.Principal)
2022-03-02 19:53:27.805  INFO 14315 --- [           main] o.s.b.a.e.mvc.EndpointHandlerMapping     : Mapped "{[/configprops || /configprops.json],methods=[GET],produces=[application/vnd.spring-boot.actuator.v1+json || application/json]}" onto public java.lang.Object org.springframework.boot.actuate.endpoint.mvc.EndpointMvcAdapter.invoke()
2022-03-02 19:53:27.807  INFO 14315 --- [           main] o.s.b.a.e.mvc.EndpointHandlerMapping     : Mapped "{[/trace || /trace.json],methods=[GET],produces=[application/vnd.spring-boot.actuator.v1+json || application/json]}" onto public java.lang.Object org.springframework.boot.actuate.endpoint.mvc.EndpointMvcAdapter.invoke()
2022-03-02 19:53:27.814  INFO 14315 --- [           main] o.s.b.a.e.mvc.EndpointHandlerMapping     : Mapped "{[/loggers/{name:.*}],methods=[GET],produces=[application/vnd.spring-boot.actuator.v1+json || application/json]}" onto public java.lang.Object org.springframework.boot.actuate.endpoint.mvc.LoggersMvcEndpoint.get(java.lang.String)
2022-03-02 19:53:27.815  INFO 14315 --- [           main] o.s.b.a.e.mvc.EndpointHandlerMapping     : Mapped "{[/loggers/{name:.*}],methods=[POST],consumes=[application/vnd.spring-boot.actuator.v1+json || application/json],produces=[application/vnd.spring-boot.actuator.v1+json || application/json]}" onto public java.lang.Object org.springframework.boot.actuate.endpoint.mvc.LoggersMvcEndpoint.set(java.lang.String,java.util.Map<java.lang.String, java.lang.String>)
2022-03-02 19:53:27.817  INFO 14315 --- [           main] o.s.b.a.e.mvc.EndpointHandlerMapping     : Mapped "{[/loggers || /loggers.json],methods=[GET],produces=[application/vnd.spring-boot.actuator.v1+json || application/json]}" onto public java.lang.Object org.springframework.boot.actuate.endpoint.mvc.EndpointMvcAdapter.invoke()
2022-03-02 19:53:27.820  INFO 14315 --- [           main] o.s.b.a.e.mvc.EndpointHandlerMapping     : Mapped "{[/beans || /beans.json],methods=[GET],produces=[application/vnd.spring-boot.actuator.v1+json || application/json]}" onto public java.lang.Object org.springframework.boot.actuate.endpoint.mvc.EndpointMvcAdapter.invoke()
2022-03-02 19:53:27.825  INFO 14315 --- [           main] o.s.b.a.e.mvc.EndpointHandlerMapping     : Mapped "{[/mappings || /mappings.json],methods=[GET],produces=[application/vnd.spring-boot.actuator.v1+json || application/json]}" onto public java.lang.Object org.springframework.boot.actuate.endpoint.mvc.EndpointMvcAdapter.invoke()
2022-03-02 19:53:27.827  INFO 14315 --- [           main] o.s.b.a.e.mvc.EndpointHandlerMapping     : Mapped "{[/dump || /dump.json],methods=[GET],produces=[application/vnd.spring-boot.actuator.v1+json || application/json]}" onto public java.lang.Object org.springframework.boot.actuate.endpoint.mvc.EndpointMvcAdapter.invoke()
2022-03-02 19:53:27.834  INFO 14315 --- [           main] o.s.b.a.e.mvc.EndpointHandlerMapping     : Mapped "{[/env/{name:.*}],methods=[GET],produces=[application/vnd.spring-boot.actuator.v1+json || application/json]}" onto public java.lang.Object org.springframework.boot.actuate.endpoint.mvc.EnvironmentMvcEndpoint.value(java.lang.String)
2022-03-02 19:53:27.835  INFO 14315 --- [           main] o.s.b.a.e.mvc.EndpointHandlerMapping     : Mapped "{[/env || /env.json],methods=[GET],produces=[application/vnd.spring-boot.actuator.v1+json || application/json]}" onto public java.lang.Object org.springframework.boot.actuate.endpoint.mvc.EndpointMvcAdapter.invoke()
2022-03-02 19:53:27.839  INFO 14315 --- [           main] o.s.b.a.e.mvc.EndpointHandlerMapping     : Mapped "{[/heapdump || /heapdump.json],methods=[GET],produces=[application/octet-stream]}" onto public void org.springframework.boot.actuate.endpoint.mvc.HeapdumpMvcEndpoint.invoke(boolean,javax.servlet.http.HttpServletRequest,javax.servlet.http.HttpServletResponse) throws java.io.IOException,javax.servlet.ServletException
2022-03-02 19:53:27.842  INFO 14315 --- [           main] o.s.b.a.e.mvc.EndpointHandlerMapping     : Mapped "{[/info || /info.json],methods=[GET],produces=[application/vnd.spring-boot.actuator.v1+json || application/json]}" onto public java.lang.Object org.springframework.boot.actuate.endpoint.mvc.EndpointMvcAdapter.invoke()
2022-03-02 19:53:27.844  INFO 14315 --- [           main] o.s.b.a.e.mvc.EndpointHandlerMapping     : Mapped "{[/autoconfig || /autoconfig.json],methods=[GET],produces=[application/vnd.spring-boot.actuator.v1+json || application/json]}" onto public java.lang.Object org.springframework.boot.actuate.endpoint.mvc.EndpointMvcAdapter.invoke()
2022-03-02 19:53:27.858  INFO 14315 --- [           main] o.s.b.a.e.mvc.EndpointHandlerMapping     : Mapped "{[/metrics/{name:.*}],methods=[GET],produces=[application/vnd.spring-boot.actuator.v1+json || application/json]}" onto public java.lang.Object org.springframework.boot.actuate.endpoint.mvc.MetricsMvcEndpoint.value(java.lang.String)
2022-03-02 19:53:27.859  INFO 14315 --- [           main] o.s.b.a.e.mvc.EndpointHandlerMapping     : Mapped "{[/metrics || /metrics.json],methods=[GET],produces=[application/vnd.spring-boot.actuator.v1+json || application/json]}" onto public java.lang.Object org.springframework.boot.actuate.endpoint.mvc.EndpointMvcAdapter.invoke()
2022-03-02 19:53:27.868  INFO 14315 --- [           main] o.s.b.a.e.mvc.EndpointHandlerMapping     : Mapped "{[/auditevents || /auditevents.json],methods=[GET],produces=[application/vnd.spring-boot.actuator.v1+json || application/json]}" onto public org.springframework.http.ResponseEntity<?> org.springframework.boot.actuate.endpoint.mvc.AuditEventsMvcEndpoint.findByPrincipalAndAfterAndType(java.lang.String,java.util.Date,java.lang.String)
2022-03-02 19:53:28.598  INFO 14315 --- [           main] c.stackify.test.EmployeeControllerTest   : Started EmployeeControllerTest in 17.473 seconds (JVM running for 19.529)
2022-03-02 19:53:28.734  INFO 14315 --- [           main] o.s.b.t.m.w.SpringBootMockServletContext : Initializing Spring FrameworkServlet ''
2022-03-02 19:53:28.735  INFO 14315 --- [           main] o.s.t.web.servlet.TestDispatcherServlet  : FrameworkServlet '': initialization started
2022-03-02 19:53:28.768  INFO 14315 --- [           main] o.s.t.web.servlet.TestDispatcherServlet  : FrameworkServlet '': initialization completed in 32 ms
2022-03-02 19:53:29.267  INFO 14315 --- [           main] o.h.h.i.QueryTranslatorFactoryInitiator  : HHH000397: Using ASTQueryTranslatorFactory
]]></system-out>
  </testcase>
</testsuite>